[2024-04-16T15:23:42.015+0000] {taskinstance.py:1157} INFO - Dependencies all met for dep_context=non-requeueable deps ti=<TaskInstance: ittf_scores.ranking_analysis_job manual__2024-04-16T15:23:39.522012+00:00 [queued]>
[2024-04-16T15:23:42.021+0000] {taskinstance.py:1157} INFO - Dependencies all met for dep_context=requeueable deps ti=<TaskInstance: ittf_scores.ranking_analysis_job manual__2024-04-16T15:23:39.522012+00:00 [queued]>
[2024-04-16T15:23:42.022+0000] {taskinstance.py:1359} INFO - Starting attempt 1 of 1
[2024-04-16T15:23:42.032+0000] {taskinstance.py:1380} INFO - Executing <Task(SparkSubmitOperator): ranking_analysis_job> on 2024-04-16 15:23:39.522012+00:00
[2024-04-16T15:23:42.036+0000] {standard_task_runner.py:57} INFO - Started process 288 to run task
[2024-04-16T15:23:42.038+0000] {standard_task_runner.py:84} INFO - Running: ['***', 'tasks', 'run', 'ittf_scores', 'ranking_analysis_job', 'manual__2024-04-16T15:23:39.522012+00:00', '--job-id', '9', '--raw', '--subdir', 'DAGS_FOLDER/***.py', '--cfg-path', '/tmp/tmp1pnzk_bs']
[2024-04-16T15:23:42.040+0000] {standard_task_runner.py:85} INFO - Job 9: Subtask ranking_analysis_job
[2024-04-16T15:23:42.080+0000] {task_command.py:415} INFO - Running <TaskInstance: ittf_scores.ranking_analysis_job manual__2024-04-16T15:23:39.522012+00:00 [running]> on host 61ee5794d07e
[2024-04-16T15:23:42.140+0000] {taskinstance.py:1660} INFO - Exporting env vars: AIRFLOW_CTX_DAG_OWNER='Anja Szczepanik' AIRFLOW_CTX_DAG_ID='ittf_scores' AIRFLOW_CTX_TASK_ID='ranking_analysis_job' AIRFLOW_CTX_EXECUTION_DATE='2024-04-16T15:23:39.522012+00:00' AIRFLOW_CTX_TRY_NUMBER='1' AIRFLOW_CTX_DAG_RUN_ID='manual__2024-04-16T15:23:39.522012+00:00'
[2024-04-16T15:23:42.150+0000] {base.py:73} INFO - Using connection ID 'spark-conn' for task execution.
[2024-04-16T15:23:42.151+0000] {spark_submit.py:401} INFO - Spark-Submit cmd: spark-submit --master spark://***-spark-runner-spark-master-1:7077 --name arrow-spark --deploy-mode client target/scala-2.12/ittf-scores-assembly-0.1.0-SNAPSHOT.jar
[2024-04-16T15:23:42.217+0000] {spark_submit.py:571} INFO - /home/***/.local/lib/python3.11/site-packages/pyspark/bin/load-spark-env.sh: line 68: ps: command not found
[2024-04-16T15:23:42.218+0000] {spark_submit.py:571} INFO - /home/***/.local/lib/python3.11/site-packages/pyspark/bin/spark-class: line 71: /usr/lib/jvm/java-11-openjdk-arm64/bin/java: No such file or directory
[2024-04-16T15:23:42.218+0000] {spark_submit.py:571} INFO - /home/***/.local/lib/python3.11/site-packages/pyspark/bin/spark-class: line 97: CMD: bad array subscript
[2024-04-16T15:23:42.228+0000] {taskinstance.py:1935} ERROR - Task failed with exception
Traceback (most recent call last):
  File "/home/airflow/.local/lib/python3.11/site-packages/airflow/providers/apache/spark/operators/spark_submit.py", line 174, in execute
    self._hook.submit(self.application)
  File "/home/airflow/.local/lib/python3.11/site-packages/airflow/providers/apache/spark/hooks/spark_submit.py", line 502, in submit
    raise AirflowException(
airflow.exceptions.AirflowException: Cannot execute: spark-submit --master spark://***-spark-runner-spark-master-1:7077 --name arrow-spark --deploy-mode client target/scala-2.12/ittf-scores-assembly-0.1.0-SNAPSHOT.jar. Error code is: 1.
[2024-04-16T15:23:42.230+0000] {taskinstance.py:1398} INFO - Marking task as FAILED. dag_id=ittf_scores, task_id=ranking_analysis_job, execution_date=20240416T152339, start_date=20240416T152342, end_date=20240416T152342
[2024-04-16T15:23:42.239+0000] {standard_task_runner.py:104} ERROR - Failed to execute job 9 for task ranking_analysis_job (Cannot execute: spark-submit --master spark://***-spark-runner-spark-master-1:7077 --name arrow-spark --deploy-mode client target/scala-2.12/ittf-scores-assembly-0.1.0-SNAPSHOT.jar. Error code is: 1.; 288)
[2024-04-16T15:23:42.250+0000] {local_task_job_runner.py:228} INFO - Task exited with return code 1
[2024-04-16T15:23:42.268+0000] {taskinstance.py:2776} INFO - 0 downstream tasks scheduled from follow-on schedule check
