[2024-04-16T14:39:00.000+0000] {taskinstance.py:1157} INFO - Dependencies all met for dep_context=non-requeueable deps ti=<TaskInstance: ittf_scores.start scheduled__2024-04-15T00:00:00+00:00 [queued]>
[2024-04-16T14:39:00.008+0000] {taskinstance.py:1157} INFO - Dependencies all met for dep_context=requeueable deps ti=<TaskInstance: ittf_scores.start scheduled__2024-04-15T00:00:00+00:00 [queued]>
[2024-04-16T14:39:00.009+0000] {taskinstance.py:1359} INFO - Starting attempt 1 of 1
[2024-04-16T14:39:00.024+0000] {taskinstance.py:1380} INFO - Executing <Task(PythonOperator): start> on 2024-04-15 00:00:00+00:00
[2024-04-16T14:39:00.031+0000] {standard_task_runner.py:57} INFO - Started process 256 to run task
[2024-04-16T14:39:00.036+0000] {standard_task_runner.py:84} INFO - Running: ['***', 'tasks', 'run', 'ittf_scores', 'start', 'scheduled__2024-04-15T00:00:00+00:00', '--job-id', '4', '--raw', '--subdir', 'DAGS_FOLDER/***.py', '--cfg-path', '/tmp/tmp4mu_0j1w']
[2024-04-16T14:39:00.050+0000] {standard_task_runner.py:85} INFO - Job 4: Subtask start
[2024-04-16T14:39:00.118+0000] {task_command.py:415} INFO - Running <TaskInstance: ittf_scores.start scheduled__2024-04-15T00:00:00+00:00 [running]> on host 83535c04fd20
[2024-04-16T14:39:00.190+0000] {taskinstance.py:1660} INFO - Exporting env vars: AIRFLOW_CTX_DAG_OWNER='Anja Szczepanik' AIRFLOW_CTX_DAG_ID='ittf_scores' AIRFLOW_CTX_TASK_ID='start' AIRFLOW_CTX_EXECUTION_DATE='2024-04-15T00:00:00+00:00' AIRFLOW_CTX_TRY_NUMBER='1' AIRFLOW_CTX_DAG_RUN_ID='scheduled__2024-04-15T00:00:00+00:00'
[2024-04-16T14:39:00.192+0000] {logging_mixin.py:151} INFO - Jobs started
[2024-04-16T14:39:00.192+0000] {python.py:194} INFO - Done. Returned value was: None
[2024-04-16T14:39:00.201+0000] {taskinstance.py:1398} INFO - Marking task as SUCCESS. dag_id=ittf_scores, task_id=start, execution_date=20240415T000000, start_date=20240416T143900, end_date=20240416T143900
[2024-04-16T14:39:00.249+0000] {local_task_job_runner.py:228} INFO - Task exited with return code 0
[2024-04-16T14:39:00.264+0000] {taskinstance.py:2776} INFO - 0 downstream tasks scheduled from follow-on schedule check
[2024-04-16T15:17:11.350+0000] {taskinstance.py:1157} INFO - Dependencies all met for dep_context=non-requeueable deps ti=<TaskInstance: ittf_scores.start scheduled__2024-04-15T00:00:00+00:00 [queued]>
[2024-04-16T15:17:11.362+0000] {taskinstance.py:1157} INFO - Dependencies all met for dep_context=requeueable deps ti=<TaskInstance: ittf_scores.start scheduled__2024-04-15T00:00:00+00:00 [queued]>
[2024-04-16T15:17:11.362+0000] {taskinstance.py:1359} INFO - Starting attempt 1 of 1
[2024-04-16T15:17:11.376+0000] {taskinstance.py:1380} INFO - Executing <Task(PythonOperator): start> on 2024-04-15 00:00:00+00:00
[2024-04-16T15:17:11.379+0000] {standard_task_runner.py:57} INFO - Started process 185 to run task
[2024-04-16T15:17:11.383+0000] {standard_task_runner.py:84} INFO - Running: ['***', 'tasks', 'run', 'ittf_scores', 'start', 'scheduled__2024-04-15T00:00:00+00:00', '--job-id', '3', '--raw', '--subdir', 'DAGS_FOLDER/***.py', '--cfg-path', '/tmp/tmp79l881zt']
[2024-04-16T15:17:11.386+0000] {standard_task_runner.py:85} INFO - Job 3: Subtask start
[2024-04-16T15:17:11.435+0000] {task_command.py:415} INFO - Running <TaskInstance: ittf_scores.start scheduled__2024-04-15T00:00:00+00:00 [running]> on host 61ee5794d07e
[2024-04-16T15:17:11.506+0000] {taskinstance.py:1660} INFO - Exporting env vars: AIRFLOW_CTX_DAG_OWNER='Anja Szczepanik' AIRFLOW_CTX_DAG_ID='ittf_scores' AIRFLOW_CTX_TASK_ID='start' AIRFLOW_CTX_EXECUTION_DATE='2024-04-15T00:00:00+00:00' AIRFLOW_CTX_TRY_NUMBER='1' AIRFLOW_CTX_DAG_RUN_ID='scheduled__2024-04-15T00:00:00+00:00'
[2024-04-16T15:17:11.507+0000] {logging_mixin.py:151} INFO - Jobs started
[2024-04-16T15:17:11.508+0000] {python.py:194} INFO - Done. Returned value was: None
[2024-04-16T15:17:11.515+0000] {taskinstance.py:1398} INFO - Marking task as SUCCESS. dag_id=ittf_scores, task_id=start, execution_date=20240415T000000, start_date=20240416T151711, end_date=20240416T151711
[2024-04-16T15:17:11.556+0000] {local_task_job_runner.py:228} INFO - Task exited with return code 0
[2024-04-16T15:17:11.582+0000] {taskinstance.py:2776} INFO - 1 downstream tasks scheduled from follow-on schedule check
