[2024-04-16T14:39:00.003+0000] {taskinstance.py:1157} INFO - Dependencies all met for dep_context=non-requeueable deps ti=<TaskInstance: ittf_scores.ranking_analysis_job scheduled__2024-04-15T00:00:00+00:00 [queued]>
[2024-04-16T14:39:00.013+0000] {taskinstance.py:1157} INFO - Dependencies all met for dep_context=requeueable deps ti=<TaskInstance: ittf_scores.ranking_analysis_job scheduled__2024-04-15T00:00:00+00:00 [queued]>
[2024-04-16T14:39:00.014+0000] {taskinstance.py:1359} INFO - Starting attempt 1 of 1
[2024-04-16T14:39:00.031+0000] {taskinstance.py:1380} INFO - Executing <Task(SparkSubmitOperator): ranking_analysis_job> on 2024-04-15 00:00:00+00:00
[2024-04-16T14:39:00.039+0000] {standard_task_runner.py:57} INFO - Started process 258 to run task
[2024-04-16T14:39:00.049+0000] {standard_task_runner.py:84} INFO - Running: ['***', 'tasks', 'run', 'ittf_scores', 'ranking_analysis_job', 'scheduled__2024-04-15T00:00:00+00:00', '--job-id', '3', '--raw', '--subdir', 'DAGS_FOLDER/***.py', '--cfg-path', '/tmp/tmpm42v4ldr']
[2024-04-16T14:39:00.052+0000] {standard_task_runner.py:85} INFO - Job 3: Subtask ranking_analysis_job
[2024-04-16T14:39:00.124+0000] {task_command.py:415} INFO - Running <TaskInstance: ittf_scores.ranking_analysis_job scheduled__2024-04-15T00:00:00+00:00 [running]> on host 83535c04fd20
[2024-04-16T14:39:00.199+0000] {taskinstance.py:1660} INFO - Exporting env vars: AIRFLOW_CTX_DAG_OWNER='Anja Szczepanik' AIRFLOW_CTX_DAG_ID='ittf_scores' AIRFLOW_CTX_TASK_ID='ranking_analysis_job' AIRFLOW_CTX_EXECUTION_DATE='2024-04-15T00:00:00+00:00' AIRFLOW_CTX_TRY_NUMBER='1' AIRFLOW_CTX_DAG_RUN_ID='scheduled__2024-04-15T00:00:00+00:00'
[2024-04-16T14:39:00.208+0000] {spark_submit.py:271} INFO - Could not load connection string spark-conn, defaulting to yarn
[2024-04-16T14:39:00.209+0000] {spark_submit.py:401} INFO - Spark-Submit cmd: spark-submit --master yarn --name arrow-spark target/scala-2.12/ittf-scores-assembly-0.1.0-SNAPSHOT.jar
[2024-04-16T14:39:00.303+0000] {spark_submit.py:571} INFO - /home/***/.local/lib/python3.11/site-packages/pyspark/bin/load-spark-env.sh: line 68: ps: command not found
[2024-04-16T14:39:00.305+0000] {spark_submit.py:571} INFO - /home/***/.local/lib/python3.11/site-packages/pyspark/bin/spark-class: line 71: /usr/lib/jvm/java-11-openjdk-arm64/bin/java: No such file or directory
[2024-04-16T14:39:00.306+0000] {spark_submit.py:571} INFO - /home/***/.local/lib/python3.11/site-packages/pyspark/bin/spark-class: line 97: CMD: bad array subscript
[2024-04-16T14:39:00.317+0000] {taskinstance.py:1935} ERROR - Task failed with exception
Traceback (most recent call last):
  File "/home/airflow/.local/lib/python3.11/site-packages/airflow/providers/apache/spark/operators/spark_submit.py", line 174, in execute
    self._hook.submit(self.application)
  File "/home/airflow/.local/lib/python3.11/site-packages/airflow/providers/apache/spark/hooks/spark_submit.py", line 502, in submit
    raise AirflowException(
airflow.exceptions.AirflowException: Cannot execute: spark-submit --master yarn --name arrow-spark target/scala-2.12/ittf-scores-assembly-0.1.0-SNAPSHOT.jar. Error code is: 1.
[2024-04-16T14:39:00.322+0000] {taskinstance.py:1398} INFO - Marking task as FAILED. dag_id=ittf_scores, task_id=ranking_analysis_job, execution_date=20240415T000000, start_date=20240416T143900, end_date=20240416T143900
[2024-04-16T14:39:00.330+0000] {standard_task_runner.py:104} ERROR - Failed to execute job 3 for task ranking_analysis_job (Cannot execute: spark-submit --master yarn --name arrow-spark target/scala-2.12/ittf-scores-assembly-0.1.0-SNAPSHOT.jar. Error code is: 1.; 258)
[2024-04-16T14:39:00.345+0000] {local_task_job_runner.py:228} INFO - Task exited with return code 1
[2024-04-16T14:39:00.359+0000] {taskinstance.py:2776} INFO - 0 downstream tasks scheduled from follow-on schedule check
[2024-04-16T15:17:13.117+0000] {taskinstance.py:1157} INFO - Dependencies all met for dep_context=non-requeueable deps ti=<TaskInstance: ittf_scores.ranking_analysis_job scheduled__2024-04-15T00:00:00+00:00 [queued]>
[2024-04-16T15:17:13.127+0000] {taskinstance.py:1157} INFO - Dependencies all met for dep_context=requeueable deps ti=<TaskInstance: ittf_scores.ranking_analysis_job scheduled__2024-04-15T00:00:00+00:00 [queued]>
[2024-04-16T15:17:13.128+0000] {taskinstance.py:1359} INFO - Starting attempt 1 of 1
[2024-04-16T15:17:13.138+0000] {taskinstance.py:1380} INFO - Executing <Task(SparkSubmitOperator): ranking_analysis_job> on 2024-04-15 00:00:00+00:00
[2024-04-16T15:17:13.144+0000] {standard_task_runner.py:57} INFO - Started process 189 to run task
[2024-04-16T15:17:13.147+0000] {standard_task_runner.py:84} INFO - Running: ['***', 'tasks', 'run', 'ittf_scores', 'ranking_analysis_job', 'scheduled__2024-04-15T00:00:00+00:00', '--job-id', '4', '--raw', '--subdir', 'DAGS_FOLDER/***.py', '--cfg-path', '/tmp/tmpibj1sixa']
[2024-04-16T15:17:13.150+0000] {standard_task_runner.py:85} INFO - Job 4: Subtask ranking_analysis_job
[2024-04-16T15:17:13.209+0000] {task_command.py:415} INFO - Running <TaskInstance: ittf_scores.ranking_analysis_job scheduled__2024-04-15T00:00:00+00:00 [running]> on host 61ee5794d07e
[2024-04-16T15:17:13.292+0000] {taskinstance.py:1660} INFO - Exporting env vars: AIRFLOW_CTX_DAG_OWNER='Anja Szczepanik' AIRFLOW_CTX_DAG_ID='ittf_scores' AIRFLOW_CTX_TASK_ID='ranking_analysis_job' AIRFLOW_CTX_EXECUTION_DATE='2024-04-15T00:00:00+00:00' AIRFLOW_CTX_TRY_NUMBER='1' AIRFLOW_CTX_DAG_RUN_ID='scheduled__2024-04-15T00:00:00+00:00'
[2024-04-16T15:17:13.301+0000] {spark_submit.py:271} INFO - Could not load connection string spark-conn, defaulting to yarn
[2024-04-16T15:17:13.302+0000] {spark_submit.py:401} INFO - Spark-Submit cmd: spark-submit --master yarn --name arrow-spark target/scala-2.12/ittf-scores-assembly-0.1.0-SNAPSHOT.jar
[2024-04-16T15:17:13.379+0000] {spark_submit.py:571} INFO - /home/***/.local/lib/python3.11/site-packages/pyspark/bin/load-spark-env.sh: line 68: ps: command not found
[2024-04-16T15:17:13.380+0000] {spark_submit.py:571} INFO - /home/***/.local/lib/python3.11/site-packages/pyspark/bin/spark-class: line 71: /usr/lib/jvm/java-11-openjdk-arm64/bin/java: No such file or directory
[2024-04-16T15:17:13.381+0000] {spark_submit.py:571} INFO - /home/***/.local/lib/python3.11/site-packages/pyspark/bin/spark-class: line 97: CMD: bad array subscript
[2024-04-16T15:17:13.393+0000] {taskinstance.py:1935} ERROR - Task failed with exception
Traceback (most recent call last):
  File "/home/airflow/.local/lib/python3.11/site-packages/airflow/providers/apache/spark/operators/spark_submit.py", line 174, in execute
    self._hook.submit(self.application)
  File "/home/airflow/.local/lib/python3.11/site-packages/airflow/providers/apache/spark/hooks/spark_submit.py", line 502, in submit
    raise AirflowException(
airflow.exceptions.AirflowException: Cannot execute: spark-submit --master yarn --name arrow-spark target/scala-2.12/ittf-scores-assembly-0.1.0-SNAPSHOT.jar. Error code is: 1.
[2024-04-16T15:17:13.397+0000] {taskinstance.py:1398} INFO - Marking task as FAILED. dag_id=ittf_scores, task_id=ranking_analysis_job, execution_date=20240415T000000, start_date=20240416T151713, end_date=20240416T151713
[2024-04-16T15:17:13.418+0000] {standard_task_runner.py:104} ERROR - Failed to execute job 4 for task ranking_analysis_job (Cannot execute: spark-submit --master yarn --name arrow-spark target/scala-2.12/ittf-scores-assembly-0.1.0-SNAPSHOT.jar. Error code is: 1.; 189)
[2024-04-16T15:17:13.439+0000] {local_task_job_runner.py:228} INFO - Task exited with return code 1
[2024-04-16T15:17:13.459+0000] {taskinstance.py:2776} INFO - 0 downstream tasks scheduled from follow-on schedule check
